<?xml version="1.0" encoding="UTF-8"?>
<testng-results ignored="0" total="3" passed="3" failed="0" skipped="0">
  <reporter-output>
  </reporter-output>
  <suite started-at="2024-02-18T14:18:15 GMT+03:00" name="Default suite" finished-at="2024-02-18T14:18:43 GMT+03:00" duration-ms="28301">
    <groups>
    </groups>
    <test started-at="2024-02-18T14:18:15 GMT+03:00" name="Default test" finished-at="2024-02-18T14:18:43 GMT+03:00" duration-ms="28301">
      <class name="myClass">
        <test-method is-config="true" signature="setup()[pri:0, instance:myClass@4fcee388]" started-at="2024-02-18T14:18:15 GMT+03:00" name="setup" finished-at="2024-02-18T14:18:17 GMT+03:00" duration-ms="2217" status="PASS">
          <reporter-output>
          </reporter-output>
        </test-method> <!-- setup -->
        <test-method signature="Test1()[pri:1, instance:myClass@4fcee388]" started-at="2024-02-18T14:18:17 GMT+03:00" name="Test1" finished-at="2024-02-18T14:18:27 GMT+03:00" duration-ms="9786" status="PASS">
          <reporter-output>
          </reporter-output>
        </test-method> <!-- Test1 -->
        <test-method signature="Test2()[pri:2, instance:myClass@4fcee388]" started-at="2024-02-18T14:18:27 GMT+03:00" name="Test2" finished-at="2024-02-18T14:18:36 GMT+03:00" duration-ms="9811" status="PASS">
          <reporter-output>
          </reporter-output>
        </test-method> <!-- Test2 -->
        <test-method signature="Test3()[pri:3, instance:myClass@4fcee388]" started-at="2024-02-18T14:18:36 GMT+03:00" name="Test3" finished-at="2024-02-18T14:18:43 GMT+03:00" duration-ms="6452" status="PASS">
          <reporter-output>
          </reporter-output>
        </test-method> <!-- Test3 -->
      </class> <!-- myClass -->
    </test> <!-- Default test -->
  </suite> <!-- Default suite -->
</testng-results>
